[DEBUG] 2015-12-01 16:34:23,917(2391) org.hibernate.cfg.Configuration.originalSecondPassCompile(Configuration.java:1631) –> [main] Processing extends queue  
[DEBUG] 2015-12-01 16:34:23,918(2392) org.hibernate.cfg.Configuration.processExtendsQueue(Configuration.java:1689) –> [main] Processing extends queue  
[DEBUG] 2015-12-01 16:34:23,918(2392) org.hibernate.cfg.Configuration.originalSecondPassCompile(Configuration.java:1634) –> [main] Processing collection mappings  
[DEBUG] 2015-12-01 16:34:23,919(2393) org.hibernate.cfg.Configuration.originalSecondPassCompile(Configuration.java:1644) –> [main] Processing native query and ResultSetMapping mappings  
[DEBUG] 2015-12-01 16:34:23,920(2394) org.hibernate.cfg.Configuration.originalSecondPassCompile(Configuration.java:1652) –> [main] Processing association property references  
[DEBUG] 2015-12-01 16:34:23,921(2395) org.hibernate.cfg.Configuration.originalSecondPassCompile(Configuration.java:1674) –> [main] Creating tables' unique integer identifiers  
[DEBUG] 2015-12-01 16:34:23,921(2395) org.hibernate.cfg.Configuration.originalSecondPassCompile(Configuration.java:1675) –> [main] Processing foreign key constraints  
[DEBUG] 2015-12-01 16:34:23,922(2396) org.hibernate.cfg.SettingsFactory.buildSettings(SettingsFactory.java:117) –> [main] Automatic flush during beforeCompletion(): disabled  
[DEBUG] 2015-12-01 16:34:23,923(2397) org.hibernate.cfg.SettingsFactory.buildSettings(SettingsFactory.java:123) –> [main] Automatic session close at end of transaction: disabled  
[DEBUG] 2015-12-01 16:34:23,924(2398) org.hibernate.cfg.SettingsFactory.buildSettings(SettingsFactory.java:134) –> [main] JDBC batch size: 15  
[DEBUG] 2015-12-01 16:34:23,924(2398) org.hibernate.cfg.SettingsFactory.buildSettings(SettingsFactory.java:140) –> [main] JDBC batch updates for versioned data: disabled  
[DEBUG] 2015-12-01 16:34:23,925(2399) org.hibernate.cfg.SettingsFactory.buildSettings(SettingsFactory.java:150) –> [main] Scrollable result sets: enabled  
[DEBUG] 2015-12-01 16:34:23,926(2400) org.hibernate.cfg.SettingsFactory.buildSettings(SettingsFactory.java:156) –> [main] Wrap result sets: disabled  
[DEBUG] 2015-12-01 16:34:23,926(2400) org.hibernate.cfg.SettingsFactory.buildSettings(SettingsFactory.java:162) –> [main] JDBC3 getGeneratedKeys(): enabled  
[DEBUG] 2015-12-01 16:34:23,927(2401) org.hibernate.cfg.SettingsFactory.buildSettings(SettingsFactory.java:174) –> [main] multi-tenancy strategy : NONE  
[DEBUG] 2015-12-01 16:34:23,928(2402) org.hibernate.cfg.SettingsFactory.buildSettings(SettingsFactory.java:180) –> [main] Connection release mode: auto  
[INFO ] 2015-12-01 16:34:23,929(2403) org.hibernate.engine.transaction.internal.TransactionFactoryInitiator.initiateService(TransactionFactoryInitiator.java:68) –> [main] HHH000399: Using default transaction strategy (direct JDBC transactions)  
[DEBUG] 2015-12-01 16:34:23,935(2409) org.hibernate.cfg.SettingsFactory.buildSettings(SettingsFactory.java:202) –> [main] Using BatchFetchStyle : LEGACY  
[DEBUG] 2015-12-01 16:34:23,939(2413) org.hibernate.cfg.SettingsFactory.buildSettings(SettingsFactory.java:221) –> [main] Maximum outer join fetch depth: 2  
[DEBUG] 2015-12-01 16:34:23,940(2414) org.hibernate.cfg.SettingsFactory.buildSettings(SettingsFactory.java:227) –> [main] Default batch fetch size: 1  
[DEBUG] 2015-12-01 16:34:23,941(2415) org.hibernate.cfg.SettingsFactory.buildSettings(SettingsFactory.java:233) –> [main] Generate SQL with comments: disabled  
[DEBUG] 2015-12-01 16:34:23,942(2416) org.hibernate.cfg.SettingsFactory.buildSettings(SettingsFactory.java:239) –> [main] Order SQL updates by primary key: disabled  
[DEBUG] 2015-12-01 16:34:23,942(2416) org.hibernate.cfg.SettingsFactory.buildSettings(SettingsFactory.java:245) –> [main] Order SQL inserts for batching: disabled  
[DEBUG] 2015-12-01 16:34:23,943(2417) org.hibernate.cfg.SettingsFactory.buildSettings(SettingsFactory.java:253) –> [main] Default null ordering: none  
[DEBUG] 2015-12-01 16:34:23,943(2417) org.hibernate.cfg.SettingsFactory.createQueryTranslatorFactory(SettingsFactory.java:584) –> [main] Query translator: org.hibernate.hql.internal.ast.ASTQueryTranslatorFactory  
[INFO ] 2015-12-01 16:34:23,944(2418) org.hibernate.hql.internal.ast.ASTQueryTranslatorFactory.<init>(ASTQueryTranslatorFactory.java:48) –> [main] HHH000397: Using ASTQueryTranslatorFactory  
[DEBUG] 2015-12-01 16:34:23,945(2419) org.hibernate.cfg.SettingsFactory.buildSettings(SettingsFactory.java:263) –> [main] Query language substitutions: {}  
[DEBUG] 2015-12-01 16:34:23,946(2420) org.hibernate.cfg.SettingsFactory.buildSettings(SettingsFactory.java:269) –> [main] JPA-QL strict compliance: disabled  
[DEBUG] 2015-12-01 16:34:23,946(2420) org.hibernate.cfg.SettingsFactory.buildSettings(SettingsFactory.java:277) –> [main] Second-level cache: enabled  
[DEBUG] 2015-12-01 16:34:23,947(2421) org.hibernate.cfg.SettingsFactory.buildSettings(SettingsFactory.java:283) –> [main] Query cache: disabled  
[DEBUG] 2015-12-01 16:34:23,948(2422) org.hibernate.cfg.SettingsFactory.createRegionFactory(SettingsFactory.java:524) –> [main] Cache region factory : org.hibernate.cache.internal.NoCachingRegionFactory  
[DEBUG] 2015-12-01 16:34:23,949(2423) org.hibernate.cfg.SettingsFactory.createRegionFactory(SettingsFactory.java:534) –> [main] org.hibernate.cache.internal.NoCachingRegionFactory did not provide constructor accepting java.util.Properties; attempting no-arg constructor.  
[DEBUG] 2015-12-01 16:34:23,950(2424) org.hibernate.cfg.SettingsFactory.buildSettings(SettingsFactory.java:306) –> [main] Optimize cache for minimal puts: disabled  
[DEBUG] 2015-12-01 16:34:23,950(2424) org.hibernate.cfg.SettingsFactory.buildSettings(SettingsFactory.java:321) –> [main] Structured second-level cache entries: disabled  
[DEBUG] 2015-12-01 16:34:23,951(2425) org.hibernate.cfg.SettingsFactory.buildSettings(SettingsFactory.java:331) –> [main] Second-level cache direct-reference entries: disabled  
[DEBUG] 2015-12-01 16:34:23,952(2426) org.hibernate.cfg.SettingsFactory.buildSettings(SettingsFactory.java:339) –> [main] Statistics: disabled  
[DEBUG] 2015-12-01 16:34:23,952(2426) org.hibernate.cfg.SettingsFactory.buildSettings(SettingsFactory.java:345) –> [main] Deleted entity synthetic identifier rollback: disabled  
[DEBUG] 2015-12-01 16:34:23,955(2429) org.hibernate.cfg.SettingsFactory.buildSettings(SettingsFactory.java:372) –> [main] Default entity-mode: pojo  
[DEBUG] 2015-12-01 16:34:23,955(2429) org.hibernate.cfg.SettingsFactory.buildSettings(SettingsFactory.java:378) –> [main] Named query checking : enabled  
[DEBUG] 2015-12-01 16:34:23,956(2430) org.hibernate.cfg.SettingsFactory.buildSettings(SettingsFactory.java:384) –> [main] Check Nullability in Core (should be disabled when Bean Validation is on): enabled  
[DEBUG] 2015-12-01 16:34:23,956(2430) org.hibernate.cfg.SettingsFactory.buildSettings(SettingsFactory.java:402) –> [main] Allow initialization of lazy state outside session : : disabled  
[DEBUG] 2015-12-01 16:34:23,957(2431) org.hibernate.cfg.SettingsFactory.buildSettings(SettingsFactory.java:412) –> [main] JTA Track by Thread: enabled  
[DEBUG] 2015-12-01 16:34:23,957(2431) org.hibernate.internal.SessionFactoryImpl.<init>(SessionFactoryImpl.java:228) –> [main] Building session factory  
[DEBUG] 2015-12-01 16:34:23,961(2435) org.hibernate.internal.SessionFactoryImpl.<init>(SessionFactoryImpl.java:280) –> [main] Session factory constructed with filter configurations : {}  
[DEBUG] 2015-12-01 16:34:23,967(2441) org.hibernate.internal.SessionFactoryImpl.<init>(SessionFactoryImpl.java:281) –> [main] Instantiating session factory with properties: {java.runtime.name=Java(TM) SE Runtime Environment, sun.boot.library.path=D:\Java\jdk1.8.0_40\jre\bin, java.vm.version=25.40-b25, java.vm.vendor=Oracle Corporation, java.vendor.url=http://java.oracle.com/, path.separator=;, java.vm.name=Java HotSpot(TM) 64-Bit Server VM, file.encoding.pkg=sun.io, user.script=, user.country=CN, sun.java.launcher=SUN_STANDARD, sun.os.patch.level=, java.vm.specification.name=Java Virtual Machine Specification, user.dir=D:\Java\workspace\demo-chained-transactionmanager, java.runtime.version=1.8.0_40-b26, java.awt.graphicsenv=sun.awt.Win32GraphicsEnvironment, hibernate.current_session_context_class=org.springframework.orm.hibernate4.SpringSessionContext, java.endorsed.dirs=D:\Java\jdk1.8.0_40\jre\lib\endorsed, os.arch=amd64, java.io.tmpdir=C:\Users\奇点之~1\AppData\Local\Temp\, line.separator=
, java.vm.specification.vendor=Oracle Corporation, user.variant=, os.name=Windows 8.1, sun.jnu.encoding=GBK, java.library.path=D:\Java\jdk1.8.0_40\bin;C:\Windows\Sun\Java\bin;C:\Windows\system32;C:\Windows;D:/Java/jdk1.8.0_40/bin/../jre/bin/server;D:/Java/jdk1.8.0_40/bin/../jre/bin;D:/Java/jdk1.8.0_40/bin/../jre/lib/amd64;D:\Java\jdk1.8.0_40/bin;D:\Java\jdk1.8.0_40/lib/dt.jar;D:\Java\jdk1.8.0_40/lib/tools.jar;D:\__ENV__\apache-maven-3.2.1/bin;C:\Program Files (x86)\Common Files\NetSarang;D:\__ENV__\apache-tomcat-7.0.57\bin;D:\__ENV__\apache-tomcat-7.0.57\jre;C:\ProgramData\Oracle\Java\javapath;C:\Windows\system32;C:\Windows;C:\Windows\System32\Wbem;C:\Windows\System32\WindowsPowerShell\v1.0\;D:\Program Files\TortoiseSVN\bin;D:\__ENV__\eclipse;;., hibernate.connection.datasource=org.apache.commons.dbcp.BasicDataSource@5922ae77, java.specification.name=Java Platform API Specification, java.class.version=52.0, sun.management.compiler=HotSpot 64-Bit Tiered Compilers, os.version=6.3, user.home=C:\Users\奇点之光08老师, user.timezone=Asia/Shanghai, java.awt.printerjob=sun.awt.windows.WPrinterJob, java.specification.version=1.8, file.encoding=UTF-8, hibernate.format_sql=true, user.name=奇点之光08老师, java.class.path=D:\Java\workspace\demo-chained-transactionmanager\target\test-classes;D:\Java\workspace\demo-chained-transactionmanager\target\classes;D:\__ENV__\repo\ch\qos\logback\logback-core\0.9.28\logback-core-0.9.28.jar;D:\__ENV__\repo\ch\qos\logback\logback-classic\0.9.28\logback-classic-0.9.28.jar;D:\__ENV__\repo\javax\servlet\javax.servlet-api\3.0.1\javax.servlet-api-3.0.1.jar;D:\__ENV__\repo\javax\servlet\servlet-api\2.5\servlet-api-2.5.jar;D:\__ENV__\repo\org\slf4j\slf4j-api\1.7.7\slf4j-api-1.7.7.jar;D:\__ENV__\repo\org\slf4j\slf4j-jdk14\1.7.7\slf4j-jdk14-1.7.7.jar;D:\__ENV__\repo\org\slf4j\slf4j-log4j12\1.7.7\slf4j-log4j12-1.7.7.jar;D:\__ENV__\repo\mysql\mysql-connector-java\5.1.26\mysql-connector-java-5.1.26.jar;D:\__ENV__\repo\log4j\log4j\1.2.14\log4j-1.2.14.jar;D:\__ENV__\repo\org\springframework\data\spring-data-commons\1.8.0.RELEASE\spring-data-commons-1.8.0.RELEASE.jar;D:\__ENV__\repo\org\springframework\spring-core\3.2.9.RELEASE\spring-core-3.2.9.RELEASE.jar;D:\__ENV__\repo\org\springframework\spring-beans\3.2.9.RELEASE\spring-beans-3.2.9.RELEASE.jar;D:\__ENV__\repo\org\slf4j\jcl-over-slf4j\1.7.7\jcl-over-slf4j-1.7.7.jar;D:\__ENV__\repo\org\springframework\spring-context\3.2.4.RELEASE\spring-context-3.2.4.RELEASE.jar;D:\__ENV__\repo\org\springframework\spring-aop\3.2.4.RELEASE\spring-aop-3.2.4.RELEASE.jar;D:\__ENV__\repo\org\springframework\spring-expression\3.2.4.RELEASE\spring-expression-3.2.4.RELEASE.jar;D:\__ENV__\repo\org\springframework\spring-oxm\3.2.4.RELEASE\spring-oxm-3.2.4.RELEASE.jar;D:\__ENV__\repo\org\aspectj\aspectjweaver\1.7.4\aspectjweaver-1.7.4.jar;D:\__ENV__\repo\org\springframework\spring-web\3.2.4.RELEASE\spring-web-3.2.4.RELEASE.jar;D:\__ENV__\repo\aopalliance\aopalliance\1.0\aopalliance-1.0.jar;D:\__ENV__\repo\org\springframework\spring-webmvc\3.2.4.RELEASE\spring-webmvc-3.2.4.RELEASE.jar;D:\__ENV__\repo\org\springframework\spring-orm\3.2.4.RELEASE\spring-orm-3.2.4.RELEASE.jar;D:\__ENV__\repo\org\springframework\spring-jdbc\3.2.4.RELEASE\spring-jdbc-3.2.4.RELEASE.jar;D:\__ENV__\repo\org\springframework\spring-tx\3.2.4.RELEASE\spring-tx-3.2.4.RELEASE.jar;D:\__ENV__\repo\org\springframework\spring-test\3.2.4.RELEASE\spring-test-3.2.4.RELEASE.jar;D:\__ENV__\repo\org\hibernate\hibernate-entitymanager\4.3.4.Final\hibernate-entitymanager-4.3.4.Final.jar;D:\__ENV__\repo\org\jboss\logging\jboss-logging\3.1.3.GA\jboss-logging-3.1.3.GA.jar;D:\__ENV__\repo\org\jboss\logging\jboss-logging-annotations\1.2.0.Beta1\jboss-logging-annotations-1.2.0.Beta1.jar;D:\__ENV__\repo\dom4j\dom4j\1.6.1\dom4j-1.6.1.jar;D:\__ENV__\repo\xml-apis\xml-apis\1.0.b2\xml-apis-1.0.b2.jar;D:\__ENV__\repo\org\hibernate\common\hibernate-commons-annotations\4.0.4.Final\hibernate-commons-annotations-4.0.4.Final.jar;D:\__ENV__\repo\org\hibernate\javax\persistence\hibernate-jpa-2.1-api\1.0.0.Final\hibernate-jpa-2.1-api-1.0.0.Final.jar;D:\__ENV__\repo\org\jboss\spec\javax\transaction\jboss-transaction-api_1.2_spec\1.0.0.Final\jboss-transaction-api_1.2_spec-1.0.0.Final.jar;D:\__ENV__\repo\org\javassist\javassist\3.18.1-GA\javassist-3.18.1-GA.jar;D:\__ENV__\repo\org\hibernate\hibernate-validator\4.2.0.Final\hibernate-validator-4.2.0.Final.jar;D:\__ENV__\repo\javax\validation\validation-api\1.0.0.GA\validation-api-1.0.0.GA.jar;D:\__ENV__\repo\org\hibernate\hibernate-core\4.2.10.Final\hibernate-core-4.2.10.Final.jar;D:\__ENV__\repo\antlr\antlr\2.7.7\antlr-2.7.7.jar;D:\__ENV__\repo\org\jboss\spec\javax\transaction\jboss-transaction-api_1.1_spec\1.0.1.Final\jboss-transaction-api_1.1_spec-1.0.1.Final.jar;D:\__ENV__\repo\org\hibernate\javax\persistence\hibernate-jpa-2.0-api\1.0.1.Final\hibernate-jpa-2.0-api-1.0.1.Final.jar;D:\__ENV__\repo\org\apache\httpcomponents\httpcore\4.3.1\httpcore-4.3.1.jar;D:\__ENV__\repo\org\apache\httpcomponents\httpclient\4.3.1\httpclient-4.3.1.jar;D:\__ENV__\repo\commons-logging\commons-logging\1.1.3\commons-logging-1.1.3.jar;D:\__ENV__\repo\commons-codec\commons-codec\1.6\commons-codec-1.6.jar;D:\__ENV__\repo\org\apache\httpcomponents\httpmime\4.3.1\httpmime-4.3.1.jar;D:\__ENV__\repo\redis\clients\jedis\2.7.2\jedis-2.7.2.jar;D:\__ENV__\repo\org\apache\commons\commons-pool2\2.3\commons-pool2-2.3.jar;D:\__ENV__\repo\javax\persistence\persistence-api\1.0.2\persistence-api-1.0.2.jar;D:\__ENV__\repo\org\ansj\ansj_seg\0.9\ansj_seg-0.9.jar;D:\__ENV__\repo\org\ansj\tree_split\1.0.1\tree_split-1.0.1.jar;D:\__ENV__\repo\org\apache\commons-lang3\commons-lang3\3.1\commons-lang3-3.1.jar;D:\__ENV__\repo\commons-dbcp\commons-dbcp\1.2.2\commons-dbcp-1.2.2.jar;D:\__ENV__\repo\commons-pool\commons-pool\1.3\commons-pool-1.3.jar;D:\__ENV__\repo\commons-lang\commons-lang\2.4\commons-lang-2.4.jar;D:\__ENV__\repo\commons-io\commons-io\2.4\commons-io-2.4.jar;D:\__ENV__\repo\commons-fileupload\commons-fileupload\1.2.2\commons-fileupload-1.2.2.jar;D:\__ENV__\repo\org\codehaus\jackson\jackson-core-asl\1.9.12\jackson-core-asl-1.9.12.jar;D:\__ENV__\repo\org\codehaus\jackson\jackson-mapper-asl\1.9.12\jackson-mapper-asl-1.9.12.jar;D:\__ENV__\repo\com\googlecode\xmemcached\xmemcached\1.4.1\xmemcached-1.4.1.jar;D:\__ENV__\repo\net\sf\json-lib\json-lib\2.4\json-lib-2.4-jdk15.jar;D:\__ENV__\repo\commons-beanutils\commons-beanutils\1.8.0\commons-beanutils-1.8.0.jar;D:\__ENV__\repo\commons-collections\commons-collections\3.2.1\commons-collections-3.2.1.jar;D:\__ENV__\repo\net\sf\ezmorph\ezmorph\1.0.6\ezmorph-1.0.6.jar;D:\__ENV__\repo\org\mybatis\mybatis\3.1.1\mybatis-3.1.1.jar;D:\__ENV__\repo\org\mybatis\mybatis-spring\1.1.1\mybatis-spring-1.1.1.jar;D:\__ENV__\repo\junit\junit\4.11\junit-4.11.jar;D:\__ENV__\repo\org\hamcrest\hamcrest-core\1.3\hamcrest-core-1.3.jar;/D:/__ENV__/eclipse/configuration/org.eclipse.osgi/bundles/358/1/.cp/;/D:/__ENV__/eclipse/configuration/org.eclipse.osgi/bundles/357/1/.cp/, hibernate.bytecode.use_reflection_optimizer=false, hibernate.show_sql=true, hibernate.classLoader.application=sun.misc.Launcher$AppClassLoader@3b07d329, java.vm.specification.version=1.8, sun.arch.data.model=64, java.home=D:\Java\jdk1.8.0_40\jre, sun.java.command=org.eclipse.jdt.internal.junit.runner.RemoteTestRunner -version 3 -port 62592 -testLoaderClass org.eclipse.jdt.internal.junit4.runner.JUnit4TestLoader -loaderpluginname org.eclipse.jdt.junit4.runtime -test com.it_sucre.service.HibernateServiceTest:test, hibernate.dialect=org.hibernate.dialect.MySQLDialect, java.specification.vendor=Oracle Corporation, user.language=zh, awt.toolkit=sun.awt.windows.WToolkit, java.vm.info=mixed mode, java.version=1.8.0_40, java.ext.dirs=D:\Java\jdk1.8.0_40\jre\lib\ext;C:\Windows\Sun\Java\lib\ext, sun.boot.class.path=D:\Java\jdk1.8.0_40\jre\lib\resources.jar;D:\Java\jdk1.8.0_40\jre\lib\rt.jar;D:\Java\jdk1.8.0_40\jre\lib\sunrsasign.jar;D:\Java\jdk1.8.0_40\jre\lib\jsse.jar;D:\Java\jdk1.8.0_40\jre\lib\jce.jar;D:\Java\jdk1.8.0_40\jre\lib\charsets.jar;D:\Java\jdk1.8.0_40\jre\lib\jfr.jar;D:\Java\jdk1.8.0_40\jre\classes, java.vendor=Oracle Corporation, file.separator=\, java.vendor.url.bug=http://bugreport.sun.com/bugreport/, hibernate.hbm2ddl.auto=update, sun.cpu.endian=little, sun.io.unicode.encoding=UnicodeLittle, sun.desktop=windows, sun.cpu.isalist=amd64}  
[DEBUG] 2015-12-01 16:34:23,992(2466) org.hibernate.id.factory.internal.DefaultIdentifierGeneratorFactory.setDialect(DefaultIdentifierGeneratorFactory.java:107) –> [main] Setting dialect [org.hibernate.dialect.MySQLDialect]  
[DEBUG] 2015-12-01 16:34:23,996(2470) org.hibernate.persister.entity.AbstractEntityPersister.logStaticSQL(AbstractEntityPersister.java:3604) –> [main] Static SQL for entity: com.it_sucre.entity.TestEntity  
[DEBUG] 2015-12-01 16:34:23,997(2471) org.hibernate.persister.entity.AbstractEntityPersister.logStaticSQL(AbstractEntityPersister.java:3609) –> [main]  Version select: select id from test where id =?  
[DEBUG] 2015-12-01 16:34:23,999(2473) org.hibernate.persister.entity.AbstractEntityPersister.logStaticSQL(AbstractEntityPersister.java:3612) –> [main]  Snapshot select: select testentity_.id, testentity_.name as name2_0_ from test testentity_ where testentity_.id=?  
[DEBUG] 2015-12-01 16:34:24,000(2474) org.hibernate.persister.entity.AbstractEntityPersister.logStaticSQL(AbstractEntityPersister.java:3615) –> [main]  Insert 0: insert into test (name, id) values (?, ?)  
[DEBUG] 2015-12-01 16:34:24,002(2476) org.hibernate.persister.entity.AbstractEntityPersister.logStaticSQL(AbstractEntityPersister.java:3616) –> [main]  Update 0: update test set name=? where id=?  
[DEBUG] 2015-12-01 16:34:24,004(2478) org.hibernate.persister.entity.AbstractEntityPersister.logStaticSQL(AbstractEntityPersister.java:3617) –> [main]  Delete 0: delete from test where id=?  
[DEBUG] 2015-12-01 16:34:24,006(2480) org.hibernate.loader.entity.EntityLoader.<init>(EntityLoader.java:123) –> [main] Static select for entity com.it_sucre.entity.TestEntity [NONE]: select testentity0_.id as id1_0_0_, testentity0_.name as name2_0_0_ from test testentity0_ where testentity0_.id=?  
[DEBUG] 2015-12-01 16:34:24,010(2484) org.hibernate.loader.entity.EntityLoader.<init>(EntityLoader.java:123) –> [main] Static select for entity com.it_sucre.entity.TestEntity [READ]: select testentity0_.id as id1_0_0_, testentity0_.name as name2_0_0_ from test testentity0_ where testentity0_.id=?  
[DEBUG] 2015-12-01 16:34:24,013(2487) org.hibernate.loader.entity.EntityLoader.<init>(EntityLoader.java:123) –> [main] Static select for entity com.it_sucre.entity.TestEntity [UPGRADE]: select testentity0_.id as id1_0_0_, testentity0_.name as name2_0_0_ from test testentity0_ where testentity0_.id=? for update  
[DEBUG] 2015-12-01 16:34:24,015(2489) org.hibernate.loader.entity.EntityLoader.<init>(EntityLoader.java:123) –> [main] Static select for entity com.it_sucre.entity.TestEntity [UPGRADE_NOWAIT]: select testentity0_.id as id1_0_0_, testentity0_.name as name2_0_0_ from test testentity0_ where testentity0_.id=? for update  
[DEBUG] 2015-12-01 16:34:24,017(2491) org.hibernate.loader.entity.EntityLoader.<init>(EntityLoader.java:123) –> [main] Static select for entity com.it_sucre.entity.TestEntity [FORCE]: select testentity0_.id as id1_0_0_, testentity0_.name as name2_0_0_ from test testentity0_ where testentity0_.id=? for update  
[DEBUG] 2015-12-01 16:34:24,017(2491) org.hibernate.loader.entity.EntityLoader.<init>(EntityLoader.java:123) –> [main] Static select for entity com.it_sucre.entity.TestEntity [PESSIMISTIC_READ]: select testentity0_.id as id1_0_0_, testentity0_.name as name2_0_0_ from test testentity0_ where testentity0_.id=? lock in share mode  
[DEBUG] 2015-12-01 16:34:24,022(2496) org.hibernate.loader.entity.EntityLoader.<init>(EntityLoader.java:123) –> [main] Static select for entity com.it_sucre.entity.TestEntity [PESSIMISTIC_WRITE]: select testentity0_.id as id1_0_0_, testentity0_.name as name2_0_0_ from test testentity0_ where testentity0_.id=? for update  
[DEBUG] 2015-12-01 16:34:24,024(2498) org.hibernate.loader.entity.EntityLoader.<init>(EntityLoader.java:123) –> [main] Static select for entity com.it_sucre.entity.TestEntity [PESSIMISTIC_FORCE_INCREMENT]: select testentity0_.id as id1_0_0_, testentity0_.name as name2_0_0_ from test testentity0_ where testentity0_.id=? for update  
[DEBUG] 2015-12-01 16:34:24,026(2500) org.hibernate.loader.entity.EntityLoader.<init>(EntityLoader.java:123) –> [main] Static select for entity com.it_sucre.entity.TestEntity [OPTIMISTIC]: select testentity0_.id as id1_0_0_, testentity0_.name as name2_0_0_ from test testentity0_ where testentity0_.id=?  
[DEBUG] 2015-12-01 16:34:24,027(2501) org.hibernate.loader.entity.EntityLoader.<init>(EntityLoader.java:123) –> [main] Static select for entity com.it_sucre.entity.TestEntity [OPTIMISTIC_FORCE_INCREMENT]: select testentity0_.id as id1_0_0_, testentity0_.name as name2_0_0_ from test testentity0_ where testentity0_.id=?  
[DEBUG] 2015-12-01 16:34:24,029(2503) org.hibernate.loader.entity.CascadeEntityLoader.<init>(CascadeEntityLoader.java:56) –> [main] Static select for action ACTION_MERGE on entity com.it_sucre.entity.TestEntity: select testentity0_.id as id1_0_0_, testentity0_.name as name2_0_0_ from test testentity0_ where testentity0_.id=?  
[DEBUG] 2015-12-01 16:34:24,031(2505) org.hibernate.loader.entity.CascadeEntityLoader.<init>(CascadeEntityLoader.java:56) –> [main] Static select for action ACTION_REFRESH on entity com.it_sucre.entity.TestEntity: select testentity0_.id as id1_0_0_, testentity0_.name as name2_0_0_ from test testentity0_ where testentity0_.id=?  
[DEBUG] 2015-12-01 16:34:24,035(2509) org.hibernate.internal.SessionFactoryRegistry.addSessionFactory(SessionFactoryRegistry.java:75) –> [main] Registering SessionFactory: fb15f482-3469-4482-9ee8-6f135a77f65d (<unnamed>)  
[DEBUG] 2015-12-01 16:34:24,035(2509) org.hibernate.internal.SessionFactoryRegistry.addSessionFactory(SessionFactoryRegistry.java:82) –> [main] Not binding SessionFactory to JNDI, no JNDI name configured  
[DEBUG] 2015-12-01 16:34:24,036(2510) org.hibernate.internal.SessionFactoryImpl.<init>(SessionFactoryImpl.java:492) –> [main] Instantiated session factory  
[INFO ] 2015-12-01 16:34:24,038(2512) org.hibernate.tool.hbm2ddl.SchemaUpdate.execute(SchemaUpdate.java:182) –> [main] HHH000228: Running hbm2ddl schema update  
[INFO ] 2015-12-01 16:34:24,038(2512) org.hibernate.tool.hbm2ddl.SchemaUpdate.execute(SchemaUpdate.java:193) –> [main] HHH000102: Fetching database metadata  
[INFO ] 2015-12-01 16:34:24,039(2513) org.hibernate.tool.hbm2ddl.SchemaUpdate.execute(SchemaUpdate.java:205) –> [main] HHH000396: Updating schema  
[DEBUG] 2015-12-01 16:34:24,040(2514) org.hibernate.cfg.Configuration$MetadataSourceQueue.processHbmXmlQueue(Configuration.java:3528) –> [main] Processing hbm.xml files  
[DEBUG] 2015-12-01 16:34:24,040(2514) org.hibernate.cfg.Configuration$MetadataSourceQueue.processAnnotatedClassesQueue(Configuration.java:3558) –> [main] Process annotated classes  
[DEBUG] 2015-12-01 16:34:24,041(2515) org.hibernate.cfg.Configuration.processFkSecondPassInOrder(Configuration.java:1444) –> [main] Processing fk mappings (*ToOne and JoinedSubclass)  
[DEBUG] 2015-12-01 16:34:24,041(2515) org.hibernate.cfg.Configuration.originalSecondPassCompile(Configuration.java:1631) –> [main] Processing extends queue  
[DEBUG] 2015-12-01 16:34:24,042(2516) org.hibernate.cfg.Configuration.processExtendsQueue(Configuration.java:1689) –> [main] Processing extends queue  
[DEBUG] 2015-12-01 16:34:24,042(2516) org.hibernate.cfg.Configuration.originalSecondPassCompile(Configuration.java:1634) –> [main] Processing collection mappings  
[DEBUG] 2015-12-01 16:34:24,043(2517) org.hibernate.cfg.Configuration.originalSecondPassCompile(Configuration.java:1644) –> [main] Processing native query and ResultSetMapping mappings  
[DEBUG] 2015-12-01 16:34:24,044(2518) org.hibernate.cfg.Configuration.originalSecondPassCompile(Configuration.java:1652) –> [main] Processing association property references  
[DEBUG] 2015-12-01 16:34:24,044(2518) org.hibernate.cfg.Configuration.originalSecondPassCompile(Configuration.java:1674) –> [main] Creating tables' unique integer identifiers  
[DEBUG] 2015-12-01 16:34:24,045(2519) org.hibernate.cfg.Configuration.originalSecondPassCompile(Configuration.java:1675) –> [main] Processing foreign key constraints  
[INFO ] 2015-12-01 16:34:24,058(2532) org.hibernate.tool.hbm2ddl.TableMetadata.<init>(TableMetadata.java:66) –> [main] HHH000261: Table found: Test.test  
[INFO ] 2015-12-01 16:34:24,059(2533) org.hibernate.tool.hbm2ddl.TableMetadata.<init>(TableMetadata.java:67) –> [main] HHH000037: Columns: [name, id]  
[INFO ] 2015-12-01 16:34:24,060(2534) org.hibernate.tool.hbm2ddl.TableMetadata.<init>(TableMetadata.java:69) –> [main] HHH000108: Foreign keys: []  
[INFO ] 2015-12-01 16:34:24,060(2534) org.hibernate.tool.hbm2ddl.TableMetadata.<init>(TableMetadata.java:70) –> [main] HHH000126: Indexes: [primary]  
[DEBUG] 2015-12-01 16:34:24,061(2535) org.hibernate.id.factory.internal.DefaultIdentifierGeneratorFactory.setDialect(DefaultIdentifierGeneratorFactory.java:107) –> [main] Setting dialect [org.hibernate.dialect.MySQLDialect]  
[INFO ] 2015-12-01 16:34:24,061(2535) org.hibernate.tool.hbm2ddl.SchemaUpdate.execute(SchemaUpdate.java:242) –> [main] HHH000232: Schema update complete  
[DEBUG] 2015-12-01 16:34:24,062(2536) org.hibernate.internal.SessionFactoryImpl.checkNamedQueries(SessionFactoryImpl.java:1073) –> [main] Checking 0 named HQL queries  
[DEBUG] 2015-12-01 16:34:24,063(2537) org.hibernate.internal.SessionFactoryImpl.checkNamedQueries(SessionFactoryImpl.java:1096) –> [main] Checking 0 named SQL queries  
[DEBUG] 2015-12-01 16:34:24,063(2537) org.hibernate.stat.internal.StatisticsInitiator.initiateServiceInternal(StatisticsInitiator.java:110) –> [main] Statistics initialized [enabled=false]  
[DEBUG] 2015-12-01 16:34:24,520(2994) org.hibernate.engine.jdbc.internal.LogicalConnectionImpl.obtainConnection(LogicalConnectionImpl.java:212) –> [main] Obtaining JDBC connection  
[DEBUG] 2015-12-01 16:34:24,520(2994) org.hibernate.engine.jdbc.internal.LogicalConnectionImpl.obtainConnection(LogicalConnectionImpl.java:218) –> [main] Obtained JDBC connection  
[DEBUG] 2015-12-01 16:34:24,535(3009) org.hibernate.engine.transaction.spi.AbstractTransactionImpl.begin(AbstractTransactionImpl.java:158) –> [main] begin  
[DEBUG] 2015-12-01 16:34:24,535(3009) org.hibernate.engine.transaction.internal.jdbc.JdbcTransaction.doBegin(JdbcTransaction.java:69) –> [main] initial autocommit status: true  
[DEBUG] 2015-12-01 16:34:24,535(3009) org.hibernate.engine.transaction.internal.jdbc.JdbcTransaction.doBegin(JdbcTransaction.java:71) –> [main] disabling autocommit  
[DEBUG] 2015-12-01 16:34:24,598(3072) org.hibernate.event.internal.AbstractSaveEventListener.saveWithGeneratedId(AbstractSaveEventListener.java:130) –> [main] Generated identifier: 0, using strategy: org.hibernate.id.Assigned  
[DEBUG] 2015-12-01 16:34:24,629(3103) org.hibernate.event.internal.AbstractSaveEventListener.saveWithGeneratedId(AbstractSaveEventListener.java:130) –> [main] Generated identifier: 0, using strategy: org.hibernate.id.Assigned  
[DEBUG] 2015-12-01 16:34:24,634(3108) org.hibernate.engine.transaction.spi.AbstractTransactionImpl.commit(AbstractTransactionImpl.java:173) –> [main] committing  
[DEBUG] 2015-12-01 16:34:24,634(3108) org.hibernate.engine.transaction.internal.jdbc.JdbcTransaction.doCommit(JdbcTransaction.java:113) –> [main] committed JDBC Connection  
[DEBUG] 2015-12-01 16:34:24,634(3108) org.hibernate.engine.transaction.internal.jdbc.JdbcTransaction.releaseManagedConnection(JdbcTransaction.java:126) –> [main] re-enabling autocommit  
[DEBUG] 2015-12-01 16:34:24,634(3108) org.hibernate.engine.jdbc.internal.LogicalConnectionImpl.releaseConnection(LogicalConnectionImpl.java:232) –> [main] Releasing JDBC connection  
[DEBUG] 2015-12-01 16:34:24,634(3108) org.hibernate.engine.jdbc.internal.LogicalConnectionImpl.releaseConnection(LogicalConnectionImpl.java:250) –> [main] Released JDBC connection  
[DEBUG] 2015-12-01 16:34:24,712(3186) org.hibernate.internal.SessionFactoryImpl.close(SessionFactoryImpl.java:1374) –> [Thread-2] HHH000031: Closing  
[DEBUG] 2015-12-01 16:34:24,712(3186) org.hibernate.internal.SessionFactoryImpl.close(SessionFactoryImpl.java:1374) –> [Thread-2] HHH000031: Closing  
